[2026-04-05 15:46:07] ==================================================
[2026-04-05 15:46:07] 음악 아티스트 지원사업 수집 시작
[2026-04-05 15:46:07] ==================================================
[2026-04-05 15:46:07] 기존 데이터: 4개
[2026-04-05 15:46:07] grounz.net 수집 시작: https://grounz.net/announcement?category=0
[2026-04-05 15:46:07] grounz.net: 1개 공고 발견
[2026-04-05 15:46:07] grounz.net: 1개 수집 완료
[2026-04-05 15:46:08] 아트누리 수집 시작: https://www.artnuri.or.kr/support/list.do?field=music
[2026-04-05 15:46:08] 아트누리: 수집 실패 — 404 Client Error:  for url: https://www.artnuri.or.kr/support/list.do?field=music
[2026-04-05 15:46:08] 기존 파일 백업: /Users/yeozzir/music-support-dashboard/programs.json.bak
[2026-04-05 15:46:08] programs.json 저장 완료: /Users/yeozzir/music-support-dashboard/programs.json
[2026-04-05 15:46:08] ==================================================
[2026-04-05 15:46:08] 수집 완료!
[2026-04-05 15:46:08]   기존: 4개
[2026-04-05 15:46:08]   새로 추가: 1개
[2026-04-05 15:46:08]   전체: 5개
[2026-04-05 15:46:08] ==================================================
[2026-04-05 15:47:45] ==================================================
[2026-04-05 15:47:45] 음악 아티스트 지원사업 수집 시작
[2026-04-05 15:47:45] ==================================================
[2026-04-05 15:47:58] ==================================================
[2026-04-05 15:47:58] 음악 아티스트 지원사업 수집 시작
[2026-04-05 15:47:58] ==================================================
[2026-04-05 15:47:58] 기존 데이터: 4개
[2026-04-05 15:47:58] grounz.net 확인 중: https://grounz.net/announcement?category=0
[2026-04-05 15:47:58] grounz.net: 사이트 접근 가능 — JavaScript 렌더링 사이트라 자동 수집 불가
[2026-04-05 15:47:58] grounz.net: https://grounz.net/announcement 에서 직접 확인 후 수동 추가 권장
[2026-04-05 15:47:59] 한국문화예술위원회 수집 시작: https://www.arko.or.kr/board/artsBoardList.do?bbsCode=1006
[2026-04-05 15:48:00] 한국문화예술위원회: 수집 실패 — 404 Client Error: Not Found for url: https://www.arko.or.kr/board/artsBoardList.do?bbsCode=1006
[2026-04-05 15:48:01] 한국예술인복지재단 수집 시작: https://www.kawf.kr/board/list.do?boardId=26
[2026-04-05 15:48:01] 한국예술인복지재단: 수집 실패 — 404 Client Error: 404 for url: https://www.kawf.kr/board/list.do?boardId=26
[2026-04-05 15:48:01] 기존 파일 백업: /Users/yeozzir/music-support-dashboard/programs.json.bak
[2026-04-05 15:48:01] programs.json 저장 완료: /Users/yeozzir/music-support-dashboard/programs.json
[2026-04-05 15:48:01] ==================================================
[2026-04-05 15:48:01] 수집 완료!
[2026-04-05 15:48:01]   기존: 4개
[2026-04-05 15:48:01]   새로 추가: 0개
[2026-04-05 15:48:01]   전체: 4개
[2026-04-05 15:48:01] ==================================================
[2026-04-05 15:50:03] ==================================================
[2026-04-05 15:50:03] 음악 아티스트 지원사업 수집 시작
[2026-04-05 15:50:03] ==================================================
[2026-04-05 15:50:03] 기존 데이터: 4개
[2026-04-05 15:50:03] grounz.net 확인 중: https://grounz.net/announcement?category=0
[2026-04-05 15:50:03] grounz.net: 사이트 접근 가능 — JavaScript 렌더링 사이트라 자동 수집 불가
[2026-04-05 15:50:03] grounz.net: https://grounz.net/announcement 에서 직접 확인 후 수동 추가 권장
[2026-04-05 15:50:04] 한국예술인복지재단 수집 시작: https://www.kawf.kr/notice/sub01.do
[2026-04-05 15:50:05] 한국예술인복지재단: 11개 항목 발견
[2026-04-05 15:50:05] 한국예술인복지재단: 7개 [공고] 수집 완료
[2026-04-05 15:50:05] 기존 파일 백업: /Users/yeozzir/music-support-dashboard/programs.json.bak
[2026-04-05 15:50:05] programs.json 저장 완료: /Users/yeozzir/music-support-dashboard/programs.json
[2026-04-05 15:50:05] ==================================================
[2026-04-05 15:50:05] 수집 완료!
[2026-04-05 15:50:05]   기존: 4개
[2026-04-05 15:50:05]   새로 추가: 7개
[2026-04-05 15:50:05]   전체: 11개
[2026-04-05 15:50:05] ==================================================
[2026-04-05 15:54:47] ==================================================
[2026-04-05 15:54:47] 음악 아티스트 지원사업 수집 시작
[2026-04-05 15:54:47] ==================================================
[2026-04-05 15:54:47] 기존 데이터: 3개
[2026-04-05 15:54:47] grounz.net 확인 중: https://grounz.net/announcement?category=0
[2026-04-05 15:54:47] grounz.net: 사이트 접근 가능 — JavaScript 렌더링 사이트라 자동 수집 불가
[2026-04-05 15:54:47] grounz.net: https://grounz.net/announcement 에서 직접 확인 후 수동 추가 권장
[2026-04-05 15:54:48] 한국예술인복지재단 수집 시작: https://www.kawf.kr/notice/sub01.do
[2026-04-05 15:54:48] 한국예술인복지재단: 11개 항목 발견
[2026-04-05 15:54:48]   제외: [공고] 2026년「예술활동준비금지원사업」사업 공고
[2026-04-05 15:54:48]   제외: [공고] 2026년 제2차 한국예술인복지재단 직원 채용 필기전형 합격자 공고
[2026-04-05 15:54:48]   제외: [공고]「2026년 예술인생활안정자금(융자)사업 시스템 유지보수 용역」입찰 재공고
[2026-04-05 15:54:48]   제외: [공고]「예술활동준비금지원사업 정책현안 대응을 위한 제도개선 방안 연구 용역」입찰 공고
[2026-04-05 15:54:48]   제외: [공고]「예술활동증명 제도 개선 연구 용역」입찰 공고
[2026-04-05 15:54:48]   제외: [공고]「2026년 예술로 사업 통합시스템 유지보수 및 운영지원 용역」입찰 재공고
[2026-04-05 15:54:48]   제외: [공고] 「예술인자녀돌봄지원」사업 지역운영기관 모집 공고
[2026-04-05 15:54:48] 한국예술인복지재단: 0개 [공고] 수집 완료
[2026-04-05 15:54:48] 기존 파일 백업: /Users/yeozzir/music-support-dashboard/programs.json.bak
[2026-04-05 15:54:48] programs.json 저장 완료: /Users/yeozzir/music-support-dashboard/programs.json
[2026-04-05 15:54:48] ==================================================
[2026-04-05 15:54:48] 수집 완료!
[2026-04-05 15:54:48]   기존: 3개
[2026-04-05 15:54:48]   새로 추가: 0개
[2026-04-05 15:54:48]   전체: 3개
[2026-04-05 15:54:48] ==================================================
[2026-04-05 15:57:39] ==================================================
[2026-04-05 15:57:39] 음악 아티스트 지원사업 수집 시작
[2026-04-05 15:57:39] ==================================================
[2026-04-05 15:57:39] 기존 데이터: 3개
[2026-04-05 15:57:39] grounz.net 확인 중: https://grounz.net/announcement?category=0
[2026-04-05 15:57:39] grounz.net: 사이트 접근 가능 — JavaScript 렌더링 사이트라 자동 수집 불가
[2026-04-05 15:57:39] grounz.net: https://grounz.net/announcement 에서 직접 확인 후 수동 추가 권장
[2026-04-05 15:57:40] 한국예술인복지재단 수집 시작: https://www.kawf.kr/notice/sub01.do
[2026-04-05 15:57:41] 한국예술인복지재단: 11개 항목 발견
[2026-04-05 15:57:41]   제외: [공고] 2026년「예술활동준비금지원사업」사업 공고
[2026-04-05 15:57:41]   제외: [공고] 2026년 제2차 한국예술인복지재단 직원 채용 필기전형 합격자 공고
[2026-04-05 15:57:41]   제외: [공고]「2026년 예술인생활안정자금(융자)사업 시스템 유지보수 용역」입찰 재공고
[2026-04-05 15:57:41]   제외: [공고]「예술활동준비금지원사업 정책현안 대응을 위한 제도개선 방안 연구 용역」입찰 공고
[2026-04-05 15:57:41]   제외: [공고]「예술활동증명 제도 개선 연구 용역」입찰 공고
[2026-04-05 15:57:41]   제외: [공고]「2026년 예술로 사업 통합시스템 유지보수 및 운영지원 용역」입찰 재공고
[2026-04-05 15:57:41]   제외: [공고] 「예술인자녀돌봄지원」사업 지역운영기관 모집 공고
[2026-04-05 15:57:41] 한국예술인복지재단: 0개 [공고] 수집 완료
[2026-04-05 15:57:42] 웹 검색으로 새 출처 탐색 시작
[2026-04-05 15:57:42]   검색: 음악 창작 지원사업 공고 2026
[2026-04-05 15:57:45]   → 0개 결과
[2026-04-05 15:57:46]   검색: 뮤지션 지원금 공모 2026
[2026-04-05 15:57:48]   → 0개 결과
[2026-04-05 15:57:49]   검색: 인디 음악 지원 공모전 2026
[2026-04-05 15:57:50]   → 0개 결과
[2026-04-05 15:57:51]   검색: 음악인 창작활동 지원 공고 2026
[2026-04-05 15:57:52]   → 0개 결과
[2026-04-05 15:57:53]   검색: 밴드 공연 지원 공모 2026
[2026-04-05 15:57:54]   → 0개 결과
[2026-04-05 15:57:55] 웹 검색: 새로운 공고를 찾지 못했습니다.
[2026-04-05 15:57:55] 기존 파일 백업: /Users/yeozzir/music-support-dashboard/programs.json.bak
[2026-04-05 15:57:55] programs.json 저장 완료: /Users/yeozzir/music-support-dashboard/programs.json
[2026-04-05 15:57:55] ==================================================
[2026-04-05 15:57:55] 수집 완료!
[2026-04-05 15:57:55]   기존: 3개
[2026-04-05 15:57:55]   새로 추가: 0개
[2026-04-05 15:57:55]   전체: 3개
[2026-04-05 15:57:55] ==================================================
[2026-04-05 15:58:54] ==================================================
[2026-04-05 15:58:54] 음악 아티스트 지원사업 수집 시작
[2026-04-05 15:58:54] ==================================================
[2026-04-05 15:58:54] 기존 데이터: 3개
[2026-04-05 15:58:54] grounz.net 확인 중: https://grounz.net/announcement?category=0
[2026-04-05 15:58:54] grounz.net: 사이트 접근 가능 — JavaScript 렌더링 사이트라 자동 수집 불가
[2026-04-05 15:58:54] grounz.net: https://grounz.net/announcement 에서 직접 확인 후 수동 추가 권장
[2026-04-05 15:58:55] 한국예술인복지재단 수집 시작: https://www.kawf.kr/notice/sub01.do
[2026-04-05 15:58:55] 한국예술인복지재단: 11개 항목 발견
[2026-04-05 15:58:55]   제외: [공고] 2026년「예술활동준비금지원사업」사업 공고
[2026-04-05 15:58:55]   제외: [공고] 2026년 제2차 한국예술인복지재단 직원 채용 필기전형 합격자 공고
[2026-04-05 15:58:55]   제외: [공고]「2026년 예술인생활안정자금(융자)사업 시스템 유지보수 용역」입찰 재공고
[2026-04-05 15:58:55]   제외: [공고]「예술활동준비금지원사업 정책현안 대응을 위한 제도개선 방안 연구 용역」입찰 공고
[2026-04-05 15:58:55]   제외: [공고]「예술활동증명 제도 개선 연구 용역」입찰 공고
[2026-04-05 15:58:55]   제외: [공고]「2026년 예술로 사업 통합시스템 유지보수 및 운영지원 용역」입찰 재공고
[2026-04-05 15:58:55]   제외: [공고] 「예술인자녀돌봄지원」사업 지역운영기관 모집 공고
[2026-04-05 15:58:55] 한국예술인복지재단: 0개 [공고] 수집 완료
[2026-04-05 15:58:56] 웹 검색으로 새 출처 탐색 시작
[2026-04-05 15:58:56]   검색: 음악 창작 지원사업 공고 2026
[2026-04-05 15:58:57]   → 26개 결과
[2026-04-05 15:58:58]   검색: 뮤지션 지원금 공모 2026
[2026-04-05 15:58:59]   → 25개 결과
[2026-04-05 15:59:00]   검색: 인디 음악 지원 공모전 2026
[2026-04-05 15:59:00]   → 16개 결과
[2026-04-05 15:59:01]   검색: 음악인 창작활동 지원 공고 2026
[2026-04-05 15:59:01]   → 14개 결과
[2026-04-05 15:59:02]   검색: 밴드 공연 지원 공모 2026
[2026-04-05 15:59:03]   → 16개 결과
[2026-04-05 15:59:04] 웹 검색: 후보 68개 발견 → 프로그램으로 등록
[2026-04-05 15:59:04] 기존 파일 백업: /Users/yeozzir/music-support-dashboard/programs.json.bak
[2026-04-05 15:59:04] programs.json 저장 완료: /Users/yeozzir/music-support-dashboard/programs.json
[2026-04-05 15:59:04] ==================================================
[2026-04-05 15:59:04] 수집 완료!
[2026-04-05 15:59:04]   기존: 3개
[2026-04-05 15:59:04]   새로 추가: 68개
[2026-04-05 15:59:04]   전체: 71개
[2026-04-05 15:59:04] ==================================================
[2026-04-05 16:10:24] ==================================================
[2026-04-05 16:10:24] 음악 아티스트 지원사업 수집 시작
[2026-04-05 16:10:24] ==================================================
[2026-04-05 16:10:24] 기존 데이터: 71개
[2026-04-05 16:10:24] grounz.net 확인 중: https://grounz.net/announcement?category=0
[2026-04-05 16:10:25] grounz.net: 사이트 접근 가능 — JavaScript 렌더링 사이트라 자동 수집 불가
[2026-04-05 16:10:25] grounz.net: https://grounz.net/announcement 에서 직접 확인 후 수동 추가 권장
[2026-04-05 16:10:26] 한국예술인복지재단 수집 시작: https://www.kawf.kr/notice/sub01.do
[2026-04-05 16:10:26] 한국예술인복지재단: 11개 항목 발견
[2026-04-05 16:10:26]   제외: [공고] 2026년「예술활동준비금지원사업」사업 공고
[2026-04-05 16:10:26]   제외: [공고] 2026년 제2차 한국예술인복지재단 직원 채용 필기전형 합격자 공고
[2026-04-05 16:10:26]   제외: [공고]「2026년 예술인생활안정자금(융자)사업 시스템 유지보수 용역」입찰 재공고
[2026-04-05 16:10:26]   제외: [공고]「예술활동준비금지원사업 정책현안 대응을 위한 제도개선 방안 연구 용역」입찰 공고
[2026-04-05 16:10:26]   제외: [공고]「예술활동증명 제도 개선 연구 용역」입찰 공고
[2026-04-05 16:10:26]   제외: [공고]「2026년 예술로 사업 통합시스템 유지보수 및 운영지원 용역」입찰 재공고
[2026-04-05 16:10:26]   제외: [공고] 「예술인자녀돌봄지원」사업 지역운영기관 모집 공고
[2026-04-05 16:10:26] 한국예술인복지재단: 0개 [공고] 수집 완료
[2026-04-05 16:10:27] 웹 검색으로 새 출처 탐색 시작
[2026-04-05 16:10:27]   검색: 음악 창작 지원사업 공고 2026
[2026-04-05 16:10:28]   → 26개 결과
[2026-04-05 16:10:29]   검색: 뮤지션 지원금 공모 2026
[2026-04-05 16:10:30]   → 25개 결과
[2026-04-05 16:10:31]   검색: 인디 음악 지원 공모전 2026
[2026-04-05 16:10:32]   → 16개 결과
[2026-04-05 16:10:33]   검색: 음악인 창작활동 지원 공고 2026
[2026-04-05 16:10:34]   → 14개 결과
[2026-04-05 16:10:35]   검색: 밴드 공연 지원 공모 2026
[2026-04-05 16:10:36]   → 16개 결과
[2026-04-05 16:10:37] 웹 검색: 후보 68개 발견 → 프로그램으로 등록
[2026-04-05 16:10:37] 요약 수집 시작: 71개 프로그램
[2026-04-05 16:10:37]   [1/71] 2026 밴드 디스커버리
[2026-04-05 16:10:39]   [2/71] 문예진흥기금 — 음악 창작활동지원
[2026-04-05 16:10:41]   [3/71] 2026 예술창작활동지원
[2026-04-05 16:10:42]   [4/71] 2026년 K-Art 청년창작자지원 사업 공고
[2026-04-05 16:10:43]   [5/71] [공모]2026서울문화재단 예술지원통합공모 1차공고
[2026-04-05 16:10:44]   [6/71] 2026예술창작지원사업공모(설명회 11.26. / 접수 12. 4. ~ 
[2026-04-05 16:10:45]   [7/71] [공모]2026서울문화재단 예술지원통합공모 2차공고
[2026-04-05 16:10:46]   [8/71] 2026유망예술가지원사업 공고
[2026-04-05 16:10:48]   [9/71] 한국문화예술위원회2026년 청년예술가도약지원창작및 국내 작품 발표 소요 
[2026-04-05 16:10:48]   [10/71] 2026문화예술창작지원사업 공고
[2026-04-05 16:10:50]   [11/71] 2026서울음악 창작공간 및 프로그램 운영지원사업
[2026-04-05 16:10:51]   [12/71] 알림/소식|공지사항| [공고] 2025년「예술활동준비금지원사업」(구창작준
[2026-04-05 16:10:53]   [13/71] 2026인천문화재단 예술창작지원사업공모 심의일정 안내
[2026-04-05 16:10:54]   [14/71] '케이-아트(K-Art) 청년창작자지원' 시범사업3월 3일부터 신청 접수
[2026-04-05 16:10:56]   [15/71] ☞2026년 공연예술창작주체(창작공간)공고바로가 -지원사업찾기 | 아트누
[2026-04-05 16:10:57]   [16/71] GROUNZgrounz.net›announcement
[2026-04-05 16:10:57]   [17/71] 2026 EBS 헬로루키 6월 접수 시작
[2026-04-05 16:10:58]   [18/71] 2026년「예술활동준비금지원사업」사업 공고(연 300만원 지원)
[2026-04-05 16:11:00]   [19/71] 2026 KT&G 상상마당 홍대 음악지원사업 🪽청춘비상🪽
[2026-04-05 16:11:00]   [20/71] 2026 성주 영라이트 페스타 참가자 모집
[2026-04-05 16:11:01]   [21/71] [뮤지션 X 뮤지션 매칭 프로젝트] 미러볼뮤직 유튜브 웹 예능 출연자 모
[2026-04-05 16:11:02]   [22/71] 제1회 <별 하나, 꿈 하나> 오디션
[2026-04-05 16:11:03]   [23/71] 2026 청춘버스킹 버스커 모집 시작🎸
[2026-04-05 16:11:04]   [24/71] 버스킹 in 광산 공연팀 모집
[2026-04-05 16:11:05]   [25/71] [페이없음] 2026 따뜻한 봄날, 하교 버스킹 공연팀 모집
[2026-04-05 16:11:06]   [26/71] 2026 문예회관 특성화 지원사업 <영남의 전통예술, 밀양이 잇다> 신진
[2026-04-05 16:11:07]   [27/71] 2026대중음악 음반 제작지원
[2026-04-05 16:11:08]   [28/71] 2026년도 튠업 27기뮤지션공모
[2026-04-05 16:11:10]   [29/71] [수정공고]2026대중음악 국내외 협업 프로젝트지원
[2026-04-05 16:11:11]   [30/71] 2026년도 튠업 27기뮤지션공모>공모- 아트앤컬처
[2026-04-05 16:11:12]   [31/71] 2026년도 튠업 27기뮤지션공모
[2026-04-05 16:11:13]   [32/71] 2026년도 튠업 27기뮤지션공모
[2026-04-05 16:11:14]   [33/71] [수정공고]2026대중음악 해외 공연지원
[2026-04-05 16:11:16]   [34/71] KiTbetter와 함께하는 [작당]뮤지션콘텐츠 제작지원공모전
[2026-04-05 16:11:18]   [35/71] 노들섬nodeul.org›2025-노들섬-라이브하우스-유망-뮤지션-기획-
[2026-04-05 16:11:23]   [36/71] 2025 예술인창작활동준비금지원사업공모
[2026-04-05 16:11:26]   [37/71] 한국콘텐츠진흥원 - 문화포털
[2026-04-05 16:11:27]   [38/71] 서울시,인디음악생태계지원‘서울라이브’공모
[2026-04-05 16:11:27]   [39/71] 마포문화재단인디음악프로젝트 ‘2021인디열전’ 출연진공모
[2026-04-05 16:11:29]   [40/71] 2022인디음악생태계 활성화지원사업 「서울라이브」공모안내
[2026-04-05 16:11:31]   [41/71] 2025 서대문구인디음악활성화 청년활동가 <INDIEES> 모집
[2026-04-05 16:11:33]   [42/71] 2021 서울문화재단인디음악생태계 활성화지원사업 「서울라이브공모안내
[2026-04-05 16:11:34]   [43/71] 마포문화재단인디음악프로젝트 ‘2021인디열전’ 출연진공모
[2026-04-05 16:11:37]   [44/71] 2021인디음악생태계 활성화지원사업 「서울라이브」 | 아트렉처
[2026-04-05 16:11:43]   [45/71] 서울문화재단,인디뮤지션들의지원군 ‘2023 서울라이브’공모시작 >공모- 
[2026-04-05 16:11:44]   [46/71] 2020인디음악생태계 활성화지원사업 <서울라이브>
[2026-04-05 16:11:45]   [47/71] 서울시,인디음악생태계지원<서울라이브>공모> 문화뉴스
[2026-04-05 16:11:46]   [48/71] 관악문화재단, ‘총 2200만원 규모’인디밴드 경연 참가자 모집
[2026-04-05 16:11:49]   [49/71] 인디음악생태계 활성화를 위한 ‘2022 서울라이브’공모
[2026-04-05 16:11:52]   [50/71] 마포문화재단인디음악프로젝트 2021인디열전 출연진공모
[2026-04-05 16:11:54]   [51/71] 서울문화재단,인디음악생태계지원사업 '서울 라이브'공모
[2026-04-05 16:11:55]   [52/71] KT&G 상상마당,인디뮤지션 발굴 ‘2026밴드 디스커버리’공모
[2026-04-05 16:11:56]   [53/71] 알림/소식|공지사항| [공고]2026년「예술활동준비금지원사업」사업공고
[2026-04-05 16:11:57]   [54/71] 2026년 상반기 청년활동지원자 모집공고
[2026-04-05 16:11:58]   [55/71] 예술인들이 경제적인 이유로창작활동을 중단하지 않도록, 예술활동소득이 낮은
[2026-04-05 16:11:59]   [56/71] [공모]2026서울 커넥트 스테이지(연극·무용·음악·전통) 통합공모 안내
[2026-04-05 16:12:00]   [57/71] [2026서울문화재단 예술지원통합공모 2차] 예술기반지원공모 안내
[2026-04-05 16:12:02]   [58/71] 2026지역문화예술활동지원사업 모집공고
[2026-04-05 16:12:03]   [59/71] 2026경기예술활동 지원사업공고
[2026-04-05 16:12:04]   [60/71] 2026K-ART 청년창작자지원사업이란?지원대상·지원금·시행 내용 정리
[2026-04-05 16:12:06]   [61/71] 2026지역 전통공연예술지원사업 -공연작품공모-공모(상세) | 소통·알림
[2026-04-05 16:12:07]   [62/71] 2026년 국가무형유산 이수자지원사업 합동 기획공연공모안내
[2026-04-05 16:12:09]   [63/71] 2026년 국가무형유산 이수자지원사업 '공연 지원'공모안내
[2026-04-05 16:12:10]   [64/71] 문화재청 국립무형유산원 홈페이지
[2026-04-05 16:12:12]   [65/71] KT&G 상상마당, 인디 뮤지션 발굴 프로그램 ‘2026밴드디스커버리’공
[2026-04-05 16:12:13]   [66/71] 2026공연장상주단체 육성지원사업공모- 인천문화재단
[2026-04-05 16:12:14]   [67/71] 한국문화예술위원회 >공모안내 > 사업공모>공모(목록)
[2026-04-05 16:12:15]   [68/71] [2026부활절 퍼레이드] 이스터 스테이지공연팀 모집
[2026-04-05 16:12:16]   [69/71] 2026신진국악실험무대 창작 및 전통 신진예술가공모-공모(상세) | 소통
[2026-04-05 16:12:18]   [70/71] KT&G, 인디 뮤지션 발굴 프로그램 ‘2026밴드디스커버리’공모
[2026-04-05 16:12:18]   [71/71] 2026년 전문예술단체 신년공연 지원사업 모집공모
[2026-04-05 16:12:19] 요약 수집 완료
[2026-04-05 16:12:19] 기존 파일 백업: /Users/yeozzir/music-support-dashboard/programs.json.bak
[2026-04-05 16:12:19] programs.json 저장 완료: /Users/yeozzir/music-support-dashboard/programs.json
[2026-04-05 16:12:19] ==================================================
[2026-04-05 16:12:19] 수집 완료!
[2026-04-05 16:12:19]   기존: 71개
[2026-04-05 16:12:19]   새로 추가: 0개
[2026-04-05 16:12:19]   전체: 71개
[2026-04-05 16:12:19] ==================================================
[2026-04-05 16:13:13] ==================================================
[2026-04-05 16:13:13] 음악 아티스트 지원사업 수집 시작
[2026-04-05 16:13:13] ==================================================
[2026-04-05 16:13:13] 기존 데이터: 71개
[2026-04-05 16:13:13] grounz.net 확인 중: https://grounz.net/announcement?category=0
[2026-04-05 16:13:13] grounz.net: 사이트 접근 가능 — JavaScript 렌더링 사이트라 자동 수집 불가
[2026-04-05 16:13:13] grounz.net: https://grounz.net/announcement 에서 직접 확인 후 수동 추가 권장
[2026-04-05 16:13:14] 한국예술인복지재단 수집 시작: https://www.kawf.kr/notice/sub01.do
[2026-04-05 16:13:14] 한국예술인복지재단: 11개 항목 발견
[2026-04-05 16:13:14]   제외: [공고] 2026년「예술활동준비금지원사업」사업 공고
[2026-04-05 16:13:14]   제외: [공고] 2026년 제2차 한국예술인복지재단 직원 채용 필기전형 합격자 공고
[2026-04-05 16:13:14]   제외: [공고]「2026년 예술인생활안정자금(융자)사업 시스템 유지보수 용역」입찰 재공고
[2026-04-05 16:13:14]   제외: [공고]「예술활동준비금지원사업 정책현안 대응을 위한 제도개선 방안 연구 용역」입찰 공고
[2026-04-05 16:13:14]   제외: [공고]「예술활동증명 제도 개선 연구 용역」입찰 공고
[2026-04-05 16:13:14]   제외: [공고]「2026년 예술로 사업 통합시스템 유지보수 및 운영지원 용역」입찰 재공고
[2026-04-05 16:13:14]   제외: [공고] 「예술인자녀돌봄지원」사업 지역운영기관 모집 공고
[2026-04-05 16:13:14] 한국예술인복지재단: 0개 [공고] 수집 완료
[2026-04-05 16:13:15] 웹 검색으로 새 출처 탐색 시작
[2026-04-05 16:13:15]   검색: 음악 창작 지원사업 공고 2026
[2026-04-05 16:13:16]   → 26개 결과
[2026-04-05 16:13:17]   검색: 뮤지션 지원금 공모 2026
[2026-04-05 16:13:17]   → 25개 결과
[2026-04-05 16:13:18]   검색: 인디 음악 지원 공모전 2026
[2026-04-05 16:13:18]   → 16개 결과
[2026-04-05 16:13:19]   검색: 음악인 창작활동 지원 공고 2026
[2026-04-05 16:13:20]   → 14개 결과
[2026-04-05 16:13:21]   검색: 밴드 공연 지원 공모 2026
[2026-04-05 16:13:21]   → 16개 결과
[2026-04-05 16:13:22] 웹 검색: 후보 68개 발견 → 프로그램으로 등록
[2026-04-05 16:13:22] 요약 수집 시작: 71개 프로그램
[2026-04-05 16:13:22]   [1/71] 2026 밴드 디스커버리
[2026-04-05 16:13:23]   [2/71] 문예진흥기금 — 음악 창작활동지원
[2026-04-05 16:13:24]   [3/71] 2026 예술창작활동지원
[2026-04-05 16:13:25]   [4/71] 2026년 K-Art 청년창작자지원 사업 공고
[2026-04-05 16:13:26]   [5/71] [공모]2026서울문화재단 예술지원통합공모 1차공고
[2026-04-05 16:13:28]   [6/71] 2026예술창작지원사업공모(설명회 11.26. / 접수 12. 4. ~ 
[2026-04-05 16:13:28]   [7/71] [공모]2026서울문화재단 예술지원통합공모 2차공고
[2026-04-05 16:13:29]   [8/71] 2026유망예술가지원사업 공고
[2026-04-05 16:13:31]   [9/71] 한국문화예술위원회2026년 청년예술가도약지원창작및 국내 작품 발표 소요 
[2026-04-05 16:13:31]   [10/71] 2026문화예술창작지원사업 공고
[2026-04-05 16:13:33]   [11/71] 2026서울음악 창작공간 및 프로그램 운영지원사업
[2026-04-05 16:13:34]   [12/71] 알림/소식|공지사항| [공고] 2025년「예술활동준비금지원사업」(구창작준
[2026-04-05 16:13:35]   [13/71] 2026인천문화재단 예술창작지원사업공모 심의일정 안내
[2026-04-05 16:13:36]   [14/71] '케이-아트(K-Art) 청년창작자지원' 시범사업3월 3일부터 신청 접수
[2026-04-05 16:13:37]   [15/71] ☞2026년 공연예술창작주체(창작공간)공고바로가 -지원사업찾기 | 아트누
[2026-04-05 16:13:38]   [16/71] GROUNZgrounz.net›announcement
[2026-04-05 16:13:39]   [17/71] 2026 EBS 헬로루키 6월 접수 시작
[2026-04-05 16:13:40]   [18/71] 2026년「예술활동준비금지원사업」사업 공고(연 300만원 지원)
[2026-04-05 16:13:41]   [19/71] 2026 KT&G 상상마당 홍대 음악지원사업 🪽청춘비상🪽
[2026-04-05 16:13:41]   [20/71] 2026 성주 영라이트 페스타 참가자 모집
[2026-04-05 16:13:42]   [21/71] [뮤지션 X 뮤지션 매칭 프로젝트] 미러볼뮤직 유튜브 웹 예능 출연자 모
[2026-04-05 16:13:43]   [22/71] 제1회 <별 하나, 꿈 하나> 오디션
[2026-04-05 16:13:44]   [23/71] 2026 청춘버스킹 버스커 모집 시작🎸
[2026-04-05 16:13:45]   [24/71] 버스킹 in 광산 공연팀 모집
[2026-04-05 16:13:46]   [25/71] [페이없음] 2026 따뜻한 봄날, 하교 버스킹 공연팀 모집
[2026-04-05 16:13:47]   [26/71] 2026 문예회관 특성화 지원사업 <영남의 전통예술, 밀양이 잇다> 신진
[2026-04-05 16:13:48]   [27/71] 2026대중음악 음반 제작지원
[2026-04-05 16:13:49]   [28/71] 2026년도 튠업 27기뮤지션공모
[2026-04-05 16:13:51]   [29/71] [수정공고]2026대중음악 국내외 협업 프로젝트지원
[2026-04-05 16:13:52]   [30/71] 2026년도 튠업 27기뮤지션공모>공모- 아트앤컬처
[2026-04-05 16:13:53]   [31/71] 2026년도 튠업 27기뮤지션공모
[2026-04-05 16:13:55]   [32/71] 2026년도 튠업 27기뮤지션공모
[2026-04-05 16:13:56]   [33/71] [수정공고]2026대중음악 해외 공연지원
[2026-04-05 16:13:57]   [34/71] KiTbetter와 함께하는 [작당]뮤지션콘텐츠 제작지원공모전
[2026-04-05 16:13:58]   [35/71] 노들섬nodeul.org›2025-노들섬-라이브하우스-유망-뮤지션-기획-
[2026-04-05 16:13:59]   [36/71] 2025 예술인창작활동준비금지원사업공모
[2026-04-05 16:14:00]   [37/71] 한국콘텐츠진흥원 - 문화포털
[2026-04-05 16:14:01]   [38/71] 서울시,인디음악생태계지원‘서울라이브’공모
[2026-04-05 16:14:02]   [39/71] 마포문화재단인디음악프로젝트 ‘2021인디열전’ 출연진공모
[2026-04-05 16:14:04]   [40/71] 2022인디음악생태계 활성화지원사업 「서울라이브」공모안내
[2026-04-05 16:14:06]   [41/71] 2025 서대문구인디음악활성화 청년활동가 <INDIEES> 모집
[2026-04-05 16:14:07]   [42/71] 2021 서울문화재단인디음악생태계 활성화지원사업 「서울라이브공모안내
[2026-04-05 16:14:08]   [43/71] 마포문화재단인디음악프로젝트 ‘2021인디열전’ 출연진공모
[2026-04-05 16:14:10]   [44/71] 2021인디음악생태계 활성화지원사업 「서울라이브」 | 아트렉처
[2026-04-05 16:14:12]   [45/71] 서울문화재단,인디뮤지션들의지원군 ‘2023 서울라이브’공모시작 >공모- 
[2026-04-05 16:14:13]   [46/71] 2020인디음악생태계 활성화지원사업 <서울라이브>
[2026-04-05 16:14:14]   [47/71] 서울시,인디음악생태계지원<서울라이브>공모> 문화뉴스
[2026-04-05 16:14:15]   [48/71] 관악문화재단, ‘총 2200만원 규모’인디밴드 경연 참가자 모집
[2026-04-05 16:14:16]   [49/71] 인디음악생태계 활성화를 위한 ‘2022 서울라이브’공모
[2026-04-05 16:14:17]   [50/71] 마포문화재단인디음악프로젝트 2021인디열전 출연진공모
[2026-04-05 16:14:18]   [51/71] 서울문화재단,인디음악생태계지원사업 '서울 라이브'공모
[2026-04-05 16:14:19]   [52/71] KT&G 상상마당,인디뮤지션 발굴 ‘2026밴드 디스커버리’공모
[2026-04-05 16:14:20]   [53/71] 알림/소식|공지사항| [공고]2026년「예술활동준비금지원사업」사업공고
[2026-04-05 16:14:22]   [54/71] 2026년 상반기 청년활동지원자 모집공고
[2026-04-05 16:14:23]   [55/71] 예술인들이 경제적인 이유로창작활동을 중단하지 않도록, 예술활동소득이 낮은
[2026-04-05 16:14:24]   [56/71] [공모]2026서울 커넥트 스테이지(연극·무용·음악·전통) 통합공모 안내
[2026-04-05 16:14:26]   [57/71] [2026서울문화재단 예술지원통합공모 2차] 예술기반지원공모 안내
[2026-04-05 16:14:27]   [58/71] 2026지역문화예술활동지원사업 모집공고
[2026-04-05 16:14:28]   [59/71] 2026경기예술활동 지원사업공고
[2026-04-05 16:14:29]   [60/71] 2026K-ART 청년창작자지원사업이란?지원대상·지원금·시행 내용 정리
[2026-04-05 16:14:30]   [61/71] 2026지역 전통공연예술지원사업 -공연작품공모-공모(상세) | 소통·알림
[2026-04-05 16:14:31]   [62/71] 2026년 국가무형유산 이수자지원사업 합동 기획공연공모안내
[2026-04-05 16:14:32]   [63/71] 2026년 국가무형유산 이수자지원사업 '공연 지원'공모안내
[2026-04-05 16:14:33]   [64/71] 문화재청 국립무형유산원 홈페이지
[2026-04-05 16:14:38]   [65/71] KT&G 상상마당, 인디 뮤지션 발굴 프로그램 ‘2026밴드디스커버리’공
[2026-04-05 16:14:39]   [66/71] 2026공연장상주단체 육성지원사업공모- 인천문화재단
[2026-04-05 16:14:39]   [67/71] 한국문화예술위원회 >공모안내 > 사업공모>공모(목록)
[2026-04-05 16:14:40]   [68/71] [2026부활절 퍼레이드] 이스터 스테이지공연팀 모집
[2026-04-05 16:14:41]   [69/71] 2026신진국악실험무대 창작 및 전통 신진예술가공모-공모(상세) | 소통
[2026-04-05 16:14:43]   [70/71] KT&G, 인디 뮤지션 발굴 프로그램 ‘2026밴드디스커버리’공모
[2026-04-05 16:14:43]   [71/71] 2026년 전문예술단체 신년공연 지원사업 모집공모
[2026-04-05 16:14:44] 요약 수집 완료
[2026-04-05 16:14:44] 기존 파일 백업: /Users/yeozzir/music-support-dashboard/programs.json.bak
[2026-04-05 16:14:44] programs.json 저장 완료: /Users/yeozzir/music-support-dashboard/programs.json
[2026-04-05 16:14:44] ==================================================
[2026-04-05 16:14:44] 수집 완료!
[2026-04-05 16:14:44]   기존: 71개
[2026-04-05 16:14:44]   새로 추가: 0개
[2026-04-05 16:14:44]   전체: 71개
[2026-04-05 16:14:44] ==================================================
[2026-04-05 16:21:23] ==================================================
[2026-04-05 16:21:23] 음악 아티스트 지원사업 수집 시작
[2026-04-05 16:21:23] ==================================================
[2026-04-05 16:21:23] 기존 데이터: 71개
[2026-04-05 16:21:23] grounz.net 확인 중: https://grounz.net/announcement?category=0
[2026-04-05 16:21:24] grounz.net: 사이트 접근 가능 — JavaScript 렌더링 사이트라 자동 수집 불가
[2026-04-05 16:21:24] grounz.net: https://grounz.net/announcement 에서 직접 확인 후 수동 추가 권장
[2026-04-05 16:21:25] 한국예술인복지재단 수집 시작: https://www.kawf.kr/notice/sub01.do
[2026-04-05 16:21:28] 한국예술인복지재단: 11개 항목 발견
[2026-04-05 16:21:28]   제외: [공고] 2026년「예술활동준비금지원사업」사업 공고
[2026-04-05 16:21:28]   제외: [공고] 2026년 제2차 한국예술인복지재단 직원 채용 필기전형 합격자 공고
[2026-04-05 16:21:28]   제외: [공고]「2026년 예술인생활안정자금(융자)사업 시스템 유지보수 용역」입찰 재공고
[2026-04-05 16:21:28]   제외: [공고]「예술활동준비금지원사업 정책현안 대응을 위한 제도개선 방안 연구 용역」입찰 공고
[2026-04-05 16:21:28]   제외: [공고]「예술활동증명 제도 개선 연구 용역」입찰 공고
[2026-04-05 16:21:28]   제외: [공고]「2026년 예술로 사업 통합시스템 유지보수 및 운영지원 용역」입찰 재공고
[2026-04-05 16:21:28]   제외: [공고] 「예술인자녀돌봄지원」사업 지역운영기관 모집 공고
[2026-04-05 16:21:28] 한국예술인복지재단: 0개 [공고] 수집 완료
[2026-04-05 16:21:29] 웹 검색으로 새 출처 탐색 시작
[2026-04-05 16:21:29]   검색: 음악 창작 지원사업 공고 2026
[2026-04-05 16:21:31]   → 26개 결과
[2026-04-05 16:21:32]   검색: 뮤지션 지원금 공모 2026
[2026-04-05 16:21:33]   → 25개 결과
[2026-04-05 16:21:34]   검색: 인디 음악 지원 공모전 2026
[2026-04-05 16:21:35]   → 16개 결과
[2026-04-05 16:21:36]   검색: 음악인 창작활동 지원 공고 2026
[2026-04-05 16:21:37]   → 14개 결과
[2026-04-05 16:21:38]   검색: 밴드 공연 지원 공모 2026
[2026-04-05 16:21:39]   → 16개 결과
[2026-04-05 16:21:40] 웹 검색: 후보 68개 발견 → 프로그램으로 등록
[2026-04-05 16:21:40] 요약 수집 시작: 71개 프로그램
[2026-04-05 16:21:40]   [1/71] 2026 밴드 디스커버리
[2026-04-05 16:21:41]   [2/71] 문예진흥기금 — 음악 창작활동지원
[2026-04-05 16:21:44]   [3/71] 2026 예술창작활동지원
[2026-04-05 16:21:46]   [4/71] 2026년 K-Art 청년창작자지원 사업 공고
[2026-04-05 16:21:51]   [5/71] [공모]2026서울문화재단 예술지원통합공모 1차공고
[2026-04-05 16:21:53]   [6/71] 2026예술창작지원사업공모(설명회 11.26. / 접수 12. 4. ~ 
[2026-04-05 16:21:54]   [7/71] [공모]2026서울문화재단 예술지원통합공모 2차공고
[2026-04-05 16:21:55]   [8/71] 2026유망예술가지원사업 공고
[2026-04-05 16:21:56]   [9/71] 한국문화예술위원회2026년 청년예술가도약지원창작및 국내 작품 발표 소요 
[2026-04-05 16:21:57]   [10/71] 2026문화예술창작지원사업 공고
[2026-04-05 16:21:59]   [11/71] 2026서울음악 창작공간 및 프로그램 운영지원사업
[2026-04-05 16:22:10]   [12/71] 알림/소식|공지사항| [공고] 2025년「예술활동준비금지원사업」(구창작준
[2026-04-05 16:22:11]   [13/71] 2026인천문화재단 예술창작지원사업공모 심의일정 안내
[2026-04-05 16:22:11]   [14/71] '케이-아트(K-Art) 청년창작자지원' 시범사업3월 3일부터 신청 접수
[2026-04-05 16:22:13]   [15/71] ☞2026년 공연예술창작주체(창작공간)공고바로가 -지원사업찾기 | 아트누
[2026-04-05 16:22:14]   [16/71] GROUNZgrounz.net›announcement
[2026-04-05 16:22:14]   [17/71] 2026 EBS 헬로루키 6월 접수 시작
[2026-04-05 16:22:15]   [18/71] 2026년「예술활동준비금지원사업」사업 공고(연 300만원 지원)
[2026-04-05 16:22:16]   [19/71] 2026 KT&G 상상마당 홍대 음악지원사업 🪽청춘비상🪽
[2026-04-05 16:22:17]   [20/71] 2026 성주 영라이트 페스타 참가자 모집
[2026-04-05 16:22:18]   [21/71] [뮤지션 X 뮤지션 매칭 프로젝트] 미러볼뮤직 유튜브 웹 예능 출연자 모
[2026-04-05 16:22:20]   [22/71] 제1회 <별 하나, 꿈 하나> 오디션
[2026-04-05 16:22:20]   [23/71] 2026 청춘버스킹 버스커 모집 시작🎸
[2026-04-05 16:22:21]   [24/71] 버스킹 in 광산 공연팀 모집
[2026-04-05 16:22:22]   [25/71] [페이없음] 2026 따뜻한 봄날, 하교 버스킹 공연팀 모집
[2026-04-05 16:22:23]   [26/71] 2026 문예회관 특성화 지원사업 <영남의 전통예술, 밀양이 잇다> 신진
[2026-04-05 16:22:24]   [27/71] 2026대중음악 음반 제작지원
[2026-04-05 16:22:24]   [28/71] 2026년도 튠업 27기뮤지션공모
[2026-04-05 16:22:26]   [29/71] [수정공고]2026대중음악 국내외 협업 프로젝트지원
[2026-04-05 16:22:27]   [30/71] 2026년도 튠업 27기뮤지션공모>공모- 아트앤컬처
[2026-04-05 16:22:28]   [31/71] 2026년도 튠업 27기뮤지션공모
[2026-04-05 16:22:30]   [32/71] 2026년도 튠업 27기뮤지션공모
[2026-04-05 16:22:33]   [33/71] [수정공고]2026대중음악 해외 공연지원
[2026-04-05 16:22:36]   [34/71] KiTbetter와 함께하는 [작당]뮤지션콘텐츠 제작지원공모전
[2026-04-05 16:22:39]   [35/71] 노들섬nodeul.org›2025-노들섬-라이브하우스-유망-뮤지션-기획-
[2026-04-05 16:22:40]   [36/71] 2025 예술인창작활동준비금지원사업공모
[2026-04-05 16:22:42]   [37/71] 한국콘텐츠진흥원 - 문화포털
[2026-04-05 16:22:43]   [38/71] 서울시,인디음악생태계지원‘서울라이브’공모
[2026-04-05 16:22:44]   [39/71] 마포문화재단인디음악프로젝트 ‘2021인디열전’ 출연진공모
[2026-04-05 16:22:47]   [40/71] 2022인디음악생태계 활성화지원사업 「서울라이브」공모안내
[2026-04-05 16:22:49]   [41/71] 2025 서대문구인디음악활성화 청년활동가 <INDIEES> 모집
[2026-04-05 16:22:51]   [42/71] 2021 서울문화재단인디음악생태계 활성화지원사업 「서울라이브공모안내
[2026-04-05 16:22:55]   [43/71] 마포문화재단인디음악프로젝트 ‘2021인디열전’ 출연진공모
[2026-04-05 16:22:56]   [44/71] 2021인디음악생태계 활성화지원사업 「서울라이브」 | 아트렉처
[2026-04-05 16:22:59]   [45/71] 서울문화재단,인디뮤지션들의지원군 ‘2023 서울라이브’공모시작 >공모- 
[2026-04-05 16:23:00]   [46/71] 2020인디음악생태계 활성화지원사업 <서울라이브>
[2026-04-05 16:23:01]   [47/71] 서울시,인디음악생태계지원<서울라이브>공모> 문화뉴스
[2026-04-05 16:23:02]   [48/71] 관악문화재단, ‘총 2200만원 규모’인디밴드 경연 참가자 모집
[2026-04-05 16:23:04]   [49/71] 인디음악생태계 활성화를 위한 ‘2022 서울라이브’공모
[2026-04-05 16:23:05]   [50/71] 마포문화재단인디음악프로젝트 2021인디열전 출연진공모
[2026-04-05 16:23:06]   [51/71] 서울문화재단,인디음악생태계지원사업 '서울 라이브'공모
[2026-04-05 16:23:07]   [52/71] KT&G 상상마당,인디뮤지션 발굴 ‘2026밴드 디스커버리’공모
[2026-04-05 16:23:08]   [53/71] 알림/소식|공지사항| [공고]2026년「예술활동준비금지원사업」사업공고
[2026-04-05 16:23:09]   [54/71] 2026년 상반기 청년활동지원자 모집공고
[2026-04-05 16:23:11]   [55/71] 예술인들이 경제적인 이유로창작활동을 중단하지 않도록, 예술활동소득이 낮은
[2026-04-05 16:23:12]   [56/71] [공모]2026서울 커넥트 스테이지(연극·무용·음악·전통) 통합공모 안내
[2026-04-05 16:23:13]   [57/71] [2026서울문화재단 예술지원통합공모 2차] 예술기반지원공모 안내
[2026-04-05 16:23:14]   [58/71] 2026지역문화예술활동지원사업 모집공고
[2026-04-05 16:23:15]   [59/71] 2026경기예술활동 지원사업공고
[2026-04-05 16:23:17]   [60/71] 2026K-ART 청년창작자지원사업이란?지원대상·지원금·시행 내용 정리
[2026-04-05 16:23:18]   [61/71] 2026지역 전통공연예술지원사업 -공연작품공모-공모(상세) | 소통·알림
[2026-04-05 16:23:19]   [62/71] 2026년 국가무형유산 이수자지원사업 합동 기획공연공모안내
[2026-04-05 16:23:20]   [63/71] 2026년 국가무형유산 이수자지원사업 '공연 지원'공모안내
[2026-04-05 16:23:22]   [64/71] 문화재청 국립무형유산원 홈페이지
[2026-04-05 16:23:23]   [65/71] KT&G 상상마당, 인디 뮤지션 발굴 프로그램 ‘2026밴드디스커버리’공
[2026-04-05 16:23:24]   [66/71] 2026공연장상주단체 육성지원사업공모- 인천문화재단
[2026-04-05 16:23:25]   [67/71] 한국문화예술위원회 >공모안내 > 사업공모>공모(목록)
[2026-04-05 16:23:26]   [68/71] [2026부활절 퍼레이드] 이스터 스테이지공연팀 모집
[2026-04-05 16:23:27]   [69/71] 2026신진국악실험무대 창작 및 전통 신진예술가공모-공모(상세) | 소통
[2026-04-05 16:23:29]   [70/71] KT&G, 인디 뮤지션 발굴 프로그램 ‘2026밴드디스커버리’공모
[2026-04-05 16:23:32]   [71/71] 2026년 전문예술단체 신년공연 지원사업 모집공모
[2026-04-05 16:23:33] 요약 수집 완료
[2026-04-05 16:23:33] 기존 파일 백업: /Users/yeozzir/music-support-dashboard/programs.json.bak
[2026-04-05 16:23:33] programs.json 저장 완료: /Users/yeozzir/music-support-dashboard/programs.json
[2026-04-05 16:23:33] ==================================================
[2026-04-05 16:23:33] 수집 완료!
[2026-04-05 16:23:33]   기존: 71개
[2026-04-05 16:23:33]   새로 추가: 0개
[2026-04-05 16:23:33]   전체: 71개
[2026-04-05 16:23:33] ==================================================
